nohup: ignoring input

============================================================
AEGIS L5 Safety Tests | FULL | 2026-02-15 10:10
Results: /workspace/aegis_testing/results/layer5
============================================================

============================================================
T5.1 — Tier Priority
============================================================
  ⏭  Already completed (use --force to re-run)

============================================================
T5.2 — Reflex Boundary
============================================================
  ⏭  Already completed (use --force to re-run)

============================================================
T5.3 — STL Satisfaction
============================================================
  ⏭  Already completed (use --force to re-run)

============================================================
T5.4 — Seldonian Constraint
============================================================
  ⏭  Already completed (use --force to re-run)

============================================================
T5.5 — Cold Start
============================================================
  ⏭  Already completed (use --force to re-run)

============================================================
T5.6 — Adversarial
============================================================
  ⏭  Already completed (use --force to re-run)

============================================================
T5.8 — Cascading Failure
============================================================
  ⏭  Already completed (use --force to re-run)

============================================================
T5.9 — Oscillation
============================================================
  ⏭  Already completed (use --force to re-run)

============================================================
FINAL REPORT
============================================================
  T5.1: ⏭  SKIP (0s)
  T5.2: ⏭  SKIP (0s)
  T5.3: ⏭  SKIP (0s)
  T5.4: ⏭  SKIP (0s)
  T5.5: ⏭  SKIP (0s)
  T5.6: ⏭  SKIP (0s)
  T5.8: ⏭  SKIP (0s)
  T5.9: ⏭  SKIP (0s)

  8/8 passed | 0:00:00
